2025-05-17T20:19:20.720399 | logreg | 0.5407 | ты прекрасен
2025-05-17T20:19:28.899959 | logreg | 0.6185 | your wonderful
2025-05-17T20:19:38.604053 | logreg | 0.5407 | fuch you
2025-05-17T20:20:23.353694 | logreg | 0.9606 | fuck you
2025-05-17T20:20:35.463413 | logreg | 0.6516 | your code is awful
2025-05-17T20:20:43.452459 | logreg | 0.7886 | i hate you
2025-05-17T20:20:49.039564 | logreg | 0.6957 | suck my dick
2025-05-17T20:20:54.326062 | logreg | 0.6096 | check it out
2025-05-17T20:21:01.993314 | logreg | 0.5190 | enter some text
2025-05-17T20:21:13.338331 | logreg | 0.5349 | hello
2025-05-17T20:21:19.466104 | logreg | 0.6127 | your a good person
2025-05-17T20:21:34.653540 | nb | 0.7955 | hello
2025-05-17T20:21:38.482753 | nb | 0.9752 | fuck you
2025-05-17T20:21:42.606468 | nb | 0.7166 | i love you
2025-05-17T20:21:48.500438 | nb | 0.9000 | i hate you
2025-05-17T20:21:59.377806 | nb | 0.6334 | your code is awesome
2025-05-17T20:22:03.860362 | nb | 0.7805 | hi
2025-05-17T20:22:07.174860 | nb | 0.8976 | sex
2025-05-17T20:22:08.836500 | nb | 0.8976 | sex ?
2025-05-17T20:22:18.520749 | nb | 0.7117 | let's go somewhere
2025-05-17T20:22:25.618390 | nb | 0.9752 | fuck you
2025-05-17T20:22:55.648549 | nb | 0.7166 | i love you
2025-05-17T20:22:58.316578 | nb | 0.9000 | i hate you
2025-05-17T20:23:14.446115 | nb | 0.5370 | your food was crapilicious
2025-05-17T20:23:36.813618 | nb | 0.7280 | I officially hate the stupid bus system! -_-
2025-05-17T20:23:50.138041 | nb | 0.6637 | Now I gotta walk to classss?! I officially hate the stupid bus system! -_-
2025-05-17T20:23:58.775377 | nb | 0.8343 | not_cyberbullying
2025-05-17T20:24:10.876270 | nb | 0.8343 | 
2025-05-17T20:24:11.723037 | nb | 0.5040 | I hope this round humbled the girls, they can't cook #MKR
2025-05-17T20:24:12.901990 | nb | 0.5040 | I hope this round humbled the girls, they can't cook #MKR
2025-05-17T20:24:13.672573 | nb | 0.5040 | I hope this round humbled the girls, they can't cook #MKR
2025-05-17T20:25:16.995078 | nb | 0.9565 | Training?Training?People need to be TRAINED so they know what?Trained to not beat and shoot others? Really?Trained to respect others?Trained,to not be a school yard bully?Whoa there Nelly,why would grown people think that if the Bible tells us it’s ok to murder certain people?",age
2025-05-17T20:25:17.891302 | nb | 0.8656 | the best example I had for this was cyberbullying another student
2025-05-17T20:25:18.426759 | nb | 0.9565 | Training?Training?People need to be TRAINED so they know what?Trained to not beat and shoot others? Really?Trained to respect others?Trained,to not be a school yard bully?Whoa there Nelly,why would grown people think that if the Bible tells us it’s ok to murder certain people?",age
2025-05-17T20:25:18.878984 | nb | 0.8656 | the best example I had for this was cyberbullying another student
2025-05-17T20:25:23.582367 | nb | 0.9752 | fuck you
2025-05-17T20:25:26.010034 | nb | 0.7166 | i love you
2025-05-17T20:25:30.893135 | nb | 0.7608 | i don't love it
2025-05-17T20:26:11.325669 | nb | 0.9728 | @AntiDARKSKINNED: Don't start with that I'm brown" bullshit. You are black, you are a nigger. You are filthy &amp; disgusting."I'll pray for u
2025-05-17T20:26:12.511347 | nb | 0.9728 | @AntiDARKSKINNED: Don't start with that I'm brown" bullshit. You are black, you are a nigger. You are filthy &amp; disgusting."I'll pray for u
2025-05-17T20:26:13.237675 | nb | 0.9728 | @AntiDARKSKINNED: Don't start with that I'm brown" bullshit. You are black, you are a nigger. You are filthy &amp; disgusting."I'll pray for u
2025-05-17T20:26:15.213479 | nb | 0.9728 | @AntiDARKSKINNED: Don't start with that I'm brown" bullshit. You are black, you are a nigger. You are filthy &amp; disgusting."I'll pray for u
2025-05-17T20:26:26.045979 | nb | 0.9686 | @JosephIsVegan @SumbelinaZ @IronmanL1 @Hatewatch There have been 22,000 Islamic terrorist attacks since 9/11.
2025-05-17T20:26:32.813953 | nb | 0.9633 | Lmao modern woman trying so hard to defend degeneracy as a "christian" woman. What's right speaks for itself, evil is constantly justified with endless excuses.
2025-05-17T20:26:54.393253 | nb | 0.8343 | 
2025-05-17T20:27:03.239569 | nb | 0.9000 | i hate you
2025-05-17T20:27:05.903615 | nb | 0.7166 | i love you
2025-05-17T20:27:21.096352 | nb | 0.5370 | your food was crapilicious
2025-05-17T20:27:35.464372 | nb | 0.9752 | fuck
2025-05-17T20:27:44.704992 | nb | 0.9752 | fuck me
2025-05-17T20:27:58.105643 | nb | 0.7358 | english
2025-05-17T20:33:47.074607 | logreg | 0.5407 | ;3
2025-05-17T20:33:50.510549 | logreg | 0.5407 | :3
2025-05-19T12:14:40.311421 | logreg | 0.7886 | i hate you
2025-05-19T12:15:06.017084 | logreg | 0.7886 | i hate you
2025-05-19T12:15:24.320509 | logreg | 0.5407 | 2
2025-05-19T12:15:53.940842 | nb | 0.9000 | i hate you
2025-05-19T12:15:57.411745 | nb | 0.7166 | i love you
2025-05-19T12:29:53.553280 | logreg | 0.8056 | ur code is fantastic
2025-05-19T12:30:04.091708 | logreg | 0.5748 | you are gorgeous
2025-05-19T15:02:52.458634 | logreg | 0.9992 | ur gay
2025-05-19T15:02:56.872878 | logreg | 0.9892 | ur preety
2025-05-19T15:03:02.138023 | logreg | 0.9602 | fuck u
2025-05-19T15:03:05.249792 | logreg | 0.5408 | fuch you
2025-05-19T15:03:33.233786 | logreg | 0.6045 | you are beautiful
2025-05-19T15:03:45.157472 | logreg | 0.5408 | you are beautifull
2025-05-19T15:03:53.723000 | logreg | 0.9892 | ur beautifull
2025-05-19T15:04:44.284034 | logreg | 0.5408 | you are preety
